0 verbose cli /usr/local/bin/node /usr/local/lib/node_modules/npm/bin/npm-cli.js
1 info using npm@11.12.0
2 info using node@v22.19.0
3 silly config load:file:/usr/local/lib/node_modules/npm/npmrc
4 silly config load:file:/Users/armandoquintero/workspace/amib-web/.npmrc
5 silly config load:file:/Users/armandoquintero/.npmrc
6 silly config load:file:/usr/local/etc/npmrc
7 verbose title npm exec @marp-team/marp-cli@latest presentacion_amib_venta.md --pdf --allow-local-files -o presentacion_amib_venta.pdf
8 verbose argv "exec" "--yes" "--force" "--" "@marp-team/marp-cli@latest" "presentacion_amib_venta.md" "--pdf" "--allow-local-files" "-o" "presentacion_amib_venta.pdf"
9 verbose logfile logs-max:10 dir:/Users/armandoquintero/workspace/amib-web/.npm_cache/_logs/2026-05-04T19_43_00_501Z-
10 verbose logfile /Users/armandoquintero/workspace/amib-web/.npm_cache/_logs/2026-05-04T19_43_00_501Z-debug-0.log
11 warn using --force Recommended protections disabled.
12 silly logfile done cleaning log files
13 silly packumentCache heap:4345298944 maxSize:1086324736 maxEntrySize:543162368
14 http fetch GET 200 https://registry.npmjs.org/@marp-team%2fmarp-cli 284ms (cache revalidated)
15 silly packumentCache heap:4345298944 maxSize:1086324736 maxEntrySize:543162368
16 silly packumentCache heap:4345298944 maxSize:1086324736 maxEntrySize:543162368
17 verbose cwd /Users/armandoquintero/workspace/amib-web
18 verbose os Darwin 25.3.0
19 verbose node v22.19.0
20 verbose npm  v11.12.0
21 verbose exit 0
22 info ok
